Build started 2015/8/6 15:33:51.
     1>Project "D:\xueMFC\cfilefind\userfilefind\userfilefind\userfilefind.vcxproj" on node 2 (build target(s)).
     1>InitializeBuildStatus:
         Creating "Debug\userfilefind.unsuccessfulbuild" because "AlwaysCreate" was specified.
       ClCompile:
         All outputs are up-to-date.
         D:\Program Files\Microsoft Visual Studio 10.0\VC\bin\CL.exe /c /ZI /nologo /W3 /WX- /Od /Oy- /D WIN32 /D _WINDOWS /D _DEBUG /D _AFXDLL /Gm /EHsc /RTC1 /MDd /GS /fp:precise /Zc:wchar_t /Zc:forScope /Yu"StdAfx.h" /Fp"Debug\userfilefind.pch" /Fo"Debug\\" /Fd"Debug\vc100.pdb" /Gd /TP /analyze- /errorReport:prompt userfilefindDlg.cpp
         userfilefindDlg.cpp
       ResourceCompile:
         All outputs are up-to-date.
       ManifestResourceCompile:
         All outputs are up-to-date.
       Link:
         D:\Program Files\Microsoft Visual Studio 10.0\VC\bin\link.exe /ERRORREPORT:PROMPT /OUT:"D:\xueMFC\cfilefind\userfilefind\Debug\userfilefind.exe" /INCREMENTAL /NOLOGO /MANIFEST /ManifestFile:"Debug\userfilefind.exe.intermediate.manifest" /MANIFESTUAC:"level='asInvoker' uiAccess='false'" /DEBUG /PDB:"D:\xueMFC\cfilefind\userfilefind\Debug\userfilefind.pdb" /SUBSYSTEM:WINDOWS /TLBID:1 /DYNAMICBASE /NXCOMPAT /IMPLIB:"D:\xueMFC\cfilefind\userfilefind\Debug\userfilefind.lib" /MACHINE:X86 Debug\userfilefind.res
         Debug\userfilefind.exe.embed.manifest.res
         Debug\stdafx.obj
         Debug\userfilefind.obj
         Debug\userfilefindDlg.obj
       Manifest:
         C:\Program Files\Microsoft SDKs\Windows\v7.0A\bin\mt.exe /nologo /verbose /out:"Debug\userfilefind.exe.embed.manifest" /manifest Debug\userfilefind.exe.intermediate.manifest "D:\Program Files\Microsoft Visual Studio 10.0\VC\Include\Manifest\dpiaware.manifest"
         All outputs are up-to-date.
       LinkEmbedManifest:
         All outputs are up-to-date.
         userfilefind.vcxproj -> D:\xueMFC\cfilefind\userfilefind\Debug\userfilefind.exe
       FinalizeBuildStatus:
         Deleting file "Debug\userfilefind.unsuccessfulbuild".
         Touching "Debug\userfilefind.lastbuildstate".
     1>Done Building Project "D:\xueMFC\cfilefind\userfilefind\userfilefind\userfilefind.vcxproj" (build target(s)).

Build succeeded.

Time Elapsed 00:00:01.15
